SF:lib\features\daily\domain\models\amrap.dart
DA:9,2
DA:17,4
DA:18,6
DA:19,6
DA:20,6
DA:21,6
DA:22,2
DA:29,4
DA:32,2
DA:33,4
DA:34,2
DA:36,3
DA:37,2
DA:40,2
DA:41,3
DA:42,4
DA:43,4
DA:44,4
DA:45,4
DA:47,2
DA:51,1
DA:53,1
DA:56,2
DA:57,3
DA:61,1
DA:63,2
DA:65,1
DA:66,3
DA:70,2
DA:71,1
DA:72,3
DA:73,1
DA:76,1
LF:33
LH:33
end_of_record
SF:lib\features\daily\domain\models\exercise.dart
DA:4,6
DA:6,6
DA:7,6
DA:8,6
DA:12,0
DA:14,0
LF:6
LH:4
end_of_record
SF:lib\shared\helpers\duration_to_string.dart
DA:2,6
DA:3,6
DA:5,12
DA:6,18
DA:8,18
DA:9,24
DA:12,6
LF:7
LH:7
end_of_record
SF:lib\features\daily\domain\models\bloc.dart
DA:9,6
DA:15,12
DA:16,18
DA:17,18
DA:18,12
LF:5
LH:5
end_of_record
SF:lib\config\colors.dart
DA:4,0
LF:1
LH:0
end_of_record
SF:lib\config\images.dart
DA:2,0
LF:1
LH:0
end_of_record
SF:lib\config\strings.dart
DA:2,0
LF:1
LH:0
end_of_record
SF:lib\features\daily\domain\models\daily_program.dart
DA:16,1
DA:17,2
DA:20,1
DA:27,1
DA:28,2
DA:29,1
DA:30,1
DA:38,2
DA:40,3
DA:41,2
DA:44,1
DA:45,1
DA:46,1
DA:48,1
DA:52,0
DA:53,0
DA:56,0
DA:57,0
DA:60,0
DA:61,0
LF:20
LH:14
end_of_record
SF:lib\features\daily\domain\models\emom.dart
DA:10,2
DA:20,4
DA:21,6
DA:22,6
DA:23,6
DA:24,6
DA:25,6
DA:26,6
DA:27,2
DA:34,4
DA:35,4
DA:36,2
DA:38,2
DA:42,2
DA:43,4
DA:44,2
DA:46,3
DA:47,2
DA:50,2
DA:51,3
DA:52,4
DA:53,4
DA:54,4
DA:55,4
DA:56,4
DA:57,4
DA:59,2
DA:63,1
DA:65,1
DA:68,2
DA:69,3
DA:73,1
DA:76,3
DA:77,1
DA:78,3
DA:82,1
DA:83,3
DA:86,2
DA:87,1
DA:88,3
DA:89,1
DA:92,1
LF:42
LH:42
end_of_record
SF:lib\features\daily\domain\models\exercise_set.dart
DA:7,2
DA:13,4
DA:14,6
DA:15,6
DA:16,2
DA:24,2
DA:25,4
DA:26,2
DA:28,3
DA:29,2
DA:32,2
DA:33,3
DA:34,4
DA:35,4
DA:37,2
DA:41,1
DA:43,1
DA:46,3
DA:48,2
DA:49,1
DA:52,3
DA:53,1
DA:56,1
LF:23
LH:23
end_of_record
SF:lib\features\daily\domain\models\exercise_type.dart
DA:1,8
LF:1
LH:1
end_of_record
SF:lib\features\daily\domain\models\for_time.dart
DA:9,2
DA:17,4
DA:18,6
DA:19,6
DA:20,6
DA:21,6
DA:22,2
DA:29,4
DA:32,2
DA:33,4
DA:34,2
DA:36,3
DA:37,2
DA:40,2
DA:41,3
DA:42,4
DA:43,4
DA:44,4
DA:45,4
DA:47,2
DA:51,1
DA:53,1
DA:56,2
DA:57,3
DA:61,1
DA:63,2
DA:64,1
DA:67,3
DA:71,2
DA:72,1
DA:73,3
DA:74,1
DA:77,1
LF:33
LH:33
end_of_record
SF:lib\features\daily\domain\models\tabata.dart
DA:10,2
DA:20,4
DA:21,6
DA:22,6
DA:23,6
DA:24,6
DA:25,6
DA:26,6
DA:27,2
DA:34,4
DA:35,4
DA:38,2
DA:39,4
DA:40,2
DA:42,3
DA:43,2
DA:46,2
DA:47,3
DA:48,4
DA:49,4
DA:50,4
DA:51,4
DA:52,4
DA:53,4
DA:55,2
DA:59,1
DA:61,1
DA:64,2
DA:65,3
DA:67,3
DA:71,3
DA:72,1
DA:73,3
DA:74,1
DA:76,2
DA:77,1
DA:80,3
DA:81,1
DA:84,1
LF:39
LH:39
end_of_record
SF:lib\features\daily\domain\services\daily_service.dart
DA:10,0
DA:11,0
DA:12,0
LF:3
LH:0
end_of_record
SF:lib\shared\helpers\network.dart
DA:5,0
DA:6,0
LF:2
LH:0
end_of_record
SF:lib\features\daily\providers\daily_provider.dart
DA:7,0
DA:8,0
DA:11,1
DA:12,1
DA:15,1
DA:16,1
DA:17,3
DA:18,1
LF:8
LH:6
end_of_record
SF:lib\features\daily\screens\week_screen.dart
DA:15,0
DA:17,0
DA:18,0
DA:22,0
DA:23,0
DA:28,0
DA:29,0
DA:34,0
DA:35,0
DA:46,0
DA:47,0
DA:49,0
DA:50,0
DA:51,0
DA:52,0
DA:58,0
DA:60,0
DA:61,0
DA:62,0
DA:65,0
DA:67,0
DA:68,0
DA:72,0
DA:74,0
DA:75,0
DA:76,0
DA:77,0
DA:78,0
DA:79,0
DA:81,0
DA:83,0
LF:31
LH:0
end_of_record
SF:lib\features\social\screens\profile_screen.dart
DA:15,0
DA:17,0
DA:18,0
DA:22,0
DA:23,0
DA:26,0
DA:27,0
DA:29,0
DA:32,0
DA:34,0
DA:35,0
DA:38,0
DA:43,0
DA:46,0
DA:48,0
DA:52,0
DA:54,0
DA:55,0
DA:57,0
DA:59,0
DA:60,0
DA:63,0
DA:65,0
DA:66,0
DA:70,0
DA:72,0
DA:74,0
DA:75,0
DA:80,0
DA:81,0
LF:30
LH:0
end_of_record
SF:lib\shared\widgets\error_page\error_page.dart
DA:14,8
DA:21,0
DA:23,0
DA:25,0
DA:27,0
DA:30,0
DA:36,0
DA:37,0
DA:38,0
DA:40,0
DA:41,0
DA:43,0
DA:44,0
DA:45,0
DA:46,0
DA:47,0
LF:16
LH:1
end_of_record
SF:lib\shared\widgets\small_logo.dart
DA:5,8
DA:7,0
LF:2
LH:1
end_of_record
SF:lib\features\daily\widgets\card_button.dart
DA:7,0
DA:9,0
DA:11,0
DA:12,0
LF:4
LH:0
end_of_record
SF:lib\features\daily\widgets\card_header.dart
DA:10,0
DA:11,0
DA:13,0
DA:15,0
DA:17,0
DA:18,0
DA:19,0
LF:7
LH:0
end_of_record
SF:lib\features\daily\widgets\card_subtitle.dart
DA:7,0
DA:9,0
DA:11,0
DA:12,0
LF:4
LH:0
end_of_record
SF:lib\features\daily\widgets\card_title.dart
DA:7,0
DA:9,0
DA:11,0
DA:12,0
LF:4
LH:0
end_of_record
SF:lib\features\daily\widgets\comments.dart
DA:7,8
DA:9,0
DA:11,0
DA:12,0
LF:4
LH:1
end_of_record
SF:lib\features\daily\widgets\day_card.dart
DA:15,0
DA:18,0
DA:20,0
DA:22,0
DA:24,0
DA:26,0
DA:27,0
DA:28,0
DA:31,0
DA:32,0
DA:34,0
DA:35,0
DA:36,0
DA:39,0
DA:41,0
DA:42,0
DA:43,0
DA:44,0
DA:47,0
DA:48,0
DA:55,0
DA:57,0
DA:59,0
DA:64,0
DA:66,0
DA:67,0
DA:68,0
LF:27
LH:0
end_of_record
SF:lib\features\social\screens\comments_screen.dart
DA:6,0
DA:8,0
LF:2
LH:0
end_of_record
SF:lib\features\video_player\screens\preview_screen.dart
DA:15,0
DA:17,0
DA:19,0
DA:20,0
DA:22,0
DA:25,0
DA:28,0
DA:29,0
DA:33,0
DA:34,0
DA:35,0
DA:36,0
DA:37,0
DA:38,0
DA:39,0
DA:40,0
LF:16
LH:0
end_of_record
SF:lib\shared\widgets\separator.dart
DA:6,24
DA:9,0
DA:11,0
DA:13,0
DA:16,0
DA:17,0
LF:6
LH:1
end_of_record
SF:lib\features\daily\widgets\shimmer_bar.dart
DA:8,8
DA:9,0
DA:11,0
DA:13,0
DA:14,0
DA:15,0
DA:16,0
DA:17,0
DA:18,0
DA:19,0
DA:20,0
LF:11
LH:1
end_of_record
SF:lib\features\daily\widgets\shimmer_day_card.dart
DA:8,8
DA:10,0
DA:12,0
DA:14,0
DA:16,0
DA:17,0
DA:18,0
DA:21,0
DA:22,0
DA:24,0
DA:48,0
LF:11
LH:1
end_of_record
SF:lib\features\login\domain\models\login_error_type.dart
DA:1,8
LF:1
LH:1
end_of_record
SF:lib\features\login\domain\repository\login_repository.dart
DA:2,0
LF:1
LH:0
end_of_record
SF:lib\features\login\domain\services\login_service.dart
DA:9,0
DA:11,0
DA:12,0
DA:16,0
DA:17,0
DA:18,0
DA:22,0
DA:23,0
DA:24,0
LF:9
LH:0
end_of_record
SF:lib\features\login\providers\login_provider.dart
DA:12,0
DA:13,0
DA:16,1
DA:17,1
DA:20,1
DA:21,2
DA:24,1
DA:25,2
DA:26,1
DA:29,1
DA:30,2
DA:33,1
DA:34,2
DA:35,1
DA:38,1
DA:39,1
DA:42,1
DA:43,2
DA:44,1
DA:47,1
DA:48,1
DA:49,7
DA:50,1
DA:55,1
DA:56,1
DA:57,3
DA:58,1
DA:63,1
DA:64,1
DA:65,3
DA:66,1
LF:31
LH:29
end_of_record
SF:lib\features\login\screens\login_screen.dart
DA:11,0
DA:13,0
DA:15,0
DA:16,0
DA:17,0
DA:18,0
DA:19,0
DA:20,0
DA:21,0
DA:23,0
DA:26,0
DA:29,0
DA:30,0
DA:31,0
DA:44,0
DA:45,0
DA:46,0
DA:47,0
DA:48,0
LF:19
LH:0
end_of_record
SF:lib\features\login\widgets\login_form.dart
DA:13,8
DA:15,0
DA:16,0
DA:17,0
DA:21,0
DA:27,0
DA:29,0
DA:30,0
DA:31,0
DA:32,0
DA:33,0
DA:37,0
DA:40,0
DA:42,0
DA:43,0
DA:44,0
DA:57,0
DA:60,0
DA:61,0
DA:65,0
DA:69,0
DA:70,0
DA:74,0
DA:75,0
DA:76,0
DA:77,0
DA:81,0
DA:82,0
DA:83,0
DA:84,0
DA:85,0
DA:91,0
DA:92,0
DA:94,0
DA:95,0
DA:97,0
DA:98,0
DA:100,0
DA:108,0
DA:110,0
DA:111,0
DA:112,0
DA:113,0
DA:114,0
LF:44
LH:1
end_of_record
SF:lib\features\login\widgets\form_button.dart
DA:10,0
DA:16,0
DA:18,0
DA:20,0
DA:21,0
DA:22,0
DA:23,0
DA:24,0
DA:25,0
DA:26,0
DA:34,0
DA:35,0
DA:36,0
DA:40,0
LF:14
LH:0
end_of_record
SF:lib\features\login\widgets\form_text_field.dart
DA:10,0
DA:16,0
DA:18,0
DA:19,0
DA:25,0
DA:27,0
DA:28,0
DA:31,0
DA:33,0
DA:34,0
DA:35,0
DA:38,0
DA:39,0
DA:62,0
DA:63,0
DA:64,0
DA:67,0
DA:68,0
DA:69,0
DA:70,0
DA:71,0
DA:74,0
DA:75,0
LF:23
LH:0
end_of_record
SF:lib\shared\widgets\icon_text_button.dart
DA:9,0
DA:14,0
DA:16,0
DA:18,0
DA:19,0
DA:20,0
DA:21,0
DA:22,0
DA:25,0
DA:26,0
DA:35,0
DA:36,0
DA:37,0
DA:38,0
LF:14
LH:0
end_of_record
SF:lib\features\settings\domain\models\notification_type.dart
DA:1,8
LF:1
LH:1
end_of_record
SF:lib\features\settings\domain\models\settings_key.dart
DA:1,8
LF:1
LH:1
end_of_record
SF:lib\features\settings\providers\settings.dart
DA:12,0
DA:13,0
DA:16,0
DA:17,0
DA:20,0
DA:21,0
DA:23,0
DA:24,0
DA:25,0
DA:28,0
DA:29,0
DA:30,0
DA:31,0
DA:33,0
DA:36,0
DA:37,0
LF:16
LH:0
end_of_record
SF:lib\features\social\widgets\big_avatar.dart
DA:7,8
DA:10,0
DA:12,0
DA:14,0
DA:17,0
DA:20,0
LF:6
LH:1
end_of_record
SF:lib\features\social\widgets\profile_header.dart
DA:7,8
DA:9,0
DA:12,0
DA:14,0
LF:4
LH:1
end_of_record
SF:lib\features\social\widgets\profile_name.dart
DA:7,8
DA:9,0
DA:11,0
DA:12,0
LF:4
LH:1
end_of_record
SF:lib\features\video_player\domain\services\video_player_service.dart
DA:6,0
DA:8,0
DA:11,0
DA:13,0
DA:16,0
DA:18,0
DA:19,0
DA:20,0
DA:25,0
DA:27,0
DA:28,0
DA:29,0
LF:12
LH:0
end_of_record
SF:lib\features\video_player\providers\video_player_provider.dart
DA:11,0
DA:12,0
DA:13,0
DA:16,0
DA:17,0
DA:18,0
DA:21,0
DA:22,0
DA:23,0
DA:24,0
DA:25,0
DA:30,0
DA:32,0
DA:34,0
DA:35,0
DA:36,0
DA:37,0
DA:40,0
DA:41,0
DA:44,0
DA:45,0
DA:46,0
DA:49,0
DA:50,0
DA:51,0
DA:54,0
DA:55,0
DA:59,0
DA:60,0
DA:64,0
DA:66,0
DA:67,0
LF:32
LH:0
end_of_record
SF:lib\features\video_player\widgets\preview_video_player.dart
DA:10,8
DA:12,0
DA:14,0
DA:16,0
DA:17,0
DA:19,0
DA:31,0
DA:50,0
DA:51,0
DA:52,0
DA:54,0
DA:64,0
DA:65,0
LF:13
LH:1
end_of_record
SF:lib\features\video_player\widgets\video_player_content.dart
DA:8,8
DA:10,0
DA:12,0
DA:14,0
DA:15,0
DA:17,0
DA:19,0
DA:21,0
DA:22,0
LF:9
LH:1
end_of_record
SF:lib\features\video_player\widgets\video_player_hub.dart
DA:7,8
DA:9,0
DA:11,0
LF:3
LH:1
end_of_record
SF:lib\features\video_player\widgets\video_player_replay_button.dart
DA:6,0
DA:8,0
DA:10,0
DA:11,0
LF:4
LH:0
end_of_record
SF:lib\features\video_player\widgets\video_player_backward_button.dart
DA:6,0
DA:8,0
DA:10,0
DA:11,0
LF:4
LH:0
end_of_record
SF:lib\features\video_player\widgets\video_player_buttons.dart
DA:10,8
DA:12,0
DA:14,0
DA:17,0
DA:18,0
DA:19,0
DA:22,0
DA:23,0
DA:24,0
DA:25,0
DA:26,0
DA:28,0
DA:31,0
DA:34,0
DA:35,0
LF:15
LH:1
end_of_record
SF:lib\features\video_player\widgets\video_player_forward_button.dart
DA:6,0
DA:8,0
DA:10,0
DA:11,0
LF:4
LH:0
end_of_record
SF:lib\features\video_player\widgets\video_player_play_pause_button.dart
DA:7,0
DA:9,0
DA:11,0
DA:13,0
DA:14,0
DA:16,0
DA:17,0
LF:7
LH:0
end_of_record
SF:lib\features\video_player\widgets\video_player_progress_indicator.dart
DA:9,8
DA:11,0
DA:13,0
DA:14,0
LF:4
LH:1
end_of_record
SF:lib\shared\widgets\alert\alert_button.dart
DA:5,0
LF:1
LH:0
end_of_record
SF:lib\shared\widgets\alert\popup_alert.dart
DA:8,0
DA:10,0
DA:16,0
DA:18,0
DA:19,0
DA:20,0
DA:21,0
DA:23,0
DA:24,0
DA:36,0
LF:10
LH:0
end_of_record
SF:lib\shared\widgets\app_bar\app_bar_button.dart
DA:9,0
DA:10,0
DA:12,0
DA:14,0
DA:16,0
DA:17,0
DA:18,0
DA:19,0
LF:8
LH:0
end_of_record
SF:lib\shared\widgets\app_bar\my_app_bar.dart
DA:10,0
DA:16,0
DA:18,0
DA:21,0
DA:23,0
DA:24,0
DA:25,0
DA:27,0
DA:28,0
DA:29,0
DA:30,0
LF:11
LH:0
end_of_record
SF:lib\shared\widgets\error_page\error_body.dart
DA:8,0
DA:12,0
DA:14,0
DA:16,0
DA:17,0
DA:18,0
DA:19,0
DA:25,0
DA:26,0
LF:9
LH:0
end_of_record
